SF:lib/core/data/model/sale.dart
DA:14,3
DA:24,3
DA:25,3
DA:26,3
DA:27,3
DA:28,3
LF:6
LH:6
end_of_record
SF:lib/core/database/models/sale_sale_price_cross_ref.dart
DA:22,6
DA:34,1
DA:35,1
DA:36,1
DA:37,1
DA:38,1
DA:39,1
DA:40,1
DA:41,1
DA:42,1
DA:43,1
DA:44,1
DA:48,2
DA:49,2
DA:50,2
DA:51,2
DA:52,2
DA:53,2
DA:54,2
DA:55,2
DA:56,2
DA:57,2
DA:58,2
DA:62,2
DA:63,2
DA:64,2
DA:65,2
DA:66,2
DA:69,0
DA:71,0
DA:76,2
DA:77,2
DA:78,2
DA:79,2
DA:80,2
DA:81,2
DA:82,2
DA:83,2
DA:84,4
LF:39
LH:37
end_of_record
SF:lib/core/data/model/sale_price.dart
DA:10,2
DA:12,2
DA:13,2
DA:14,2
LF:4
LH:4
end_of_record
SF:lib/core/database/models/sale_price_entity.dart
DA:16,9
DA:22,3
DA:23,3
DA:24,3
DA:25,3
DA:26,3
DA:30,2
DA:31,2
DA:32,2
DA:33,2
DA:34,2
DA:38,3
DA:39,3
DA:40,3
DA:41,3
DA:44,0
DA:46,0
DA:51,3
DA:52,3
DA:53,10
LF:20
LH:18
end_of_record
SF:lib/core/data/repository/sale_repository_impl.dart
DA:11,1
DA:13,1
DA:15,3
DA:18,1
DA:20,3
DA:21,4
DA:24,1
DA:26,3
DA:29,1
DA:31,3
DA:34,1
DA:36,4
DA:41,1
LF:13
LH:13
end_of_record
SF:lib/core/database/models/sale_entity.dart
DA:23,6
DA:32,2
DA:33,2
DA:34,2
DA:35,2
DA:36,2
DA:37,2
DA:38,2
DA:39,2
DA:43,2
DA:44,2
DA:45,2
DA:46,2
DA:47,2
DA:48,2
DA:49,2
DA:50,2
DA:54,3
DA:55,3
DA:56,3
DA:57,3
DA:60,0
DA:62,0
DA:67,3
DA:68,2
DA:69,2
DA:70,2
DA:71,2
DA:72,2
DA:73,2
DA:74,2
DA:75,2
DA:76,4
LF:33
LH:31
end_of_record
SF:lib/core/database/dao/fake_sale_dao.dart
DA:10,2
DA:14,1
DA:15,2
DA:16,2
DA:19,1
DA:20,2
DA:21,2
DA:24,1
DA:26,2
DA:27,2
DA:28,1
DA:31,1
DA:33,1
DA:34,1
DA:36,8
DA:38,3
DA:39,6
DA:40,1
DA:41,1
DA:42,1
DA:43,1
DA:44,1
DA:45,1
DA:46,1
DA:47,1
DA:48,1
DA:50,1
DA:53,1
DA:55,3
DA:58,1
DA:60,1
DA:61,8
DA:62,2
DA:65,1
DA:68,2
DA:69,2
DA:70,2
DA:71,1
DA:72,3
DA:73,1
DA:74,1
DA:75,1
DA:76,1
DA:77,1
DA:81,0
DA:83,1
DA:85,0
LF:47
LH:45
end_of_record
SF:lib/core/database/dao/fake_sale_price_dao.dart
DA:8,2
DA:10,1
DA:11,2
DA:14,1
DA:15,2
DA:18,1
DA:20,2
DA:21,2
DA:22,1
DA:25,1
DA:27,3
DA:30,1
DA:32,2
DA:35,1
DA:38,2
DA:39,2
DA:40,2
DA:41,1
DA:42,3
DA:43,1
DA:44,1
DA:48,0
DA:50,1
DA:52,0
LF:24
LH:22
end_of_record
SF:lib/core/database/dao/sale_dao_impl.dart
DA:11,1
DA:13,1
DA:15,2
DA:16,2
DA:19,1
DA:21,2
DA:23,1
DA:24,2
DA:25,2
DA:28,1
DA:30,3
DA:33,1
DA:35,2
DA:38,1
DA:58,1
DA:59,2
DA:61,2
DA:62,4
LF:18
LH:18
end_of_record
SF:lib/core/database/dao/sale_price_dao_impl.dart
DA:9,1
DA:11,1
DA:13,3
DA:16,1
DA:18,2
DA:23,1
DA:24,2
DA:29,1
DA:31,2
DA:32,4
DA:35,1
DA:37,2
LF:12
LH:12
end_of_record
SF:lib/core/database/sqlite_sale_database.dart
DA:21,0
DA:22,0
DA:23,0
DA:26,1
DA:34,1
DA:37,2
DA:41,2
LF:7
LH:4
end_of_record
SF:lib/core/data/repository/sale_price_repository_impl.dart
DA:10,1
DA:12,1
DA:14,5
DA:17,1
DA:19,3
DA:22,1
DA:24,3
DA:25,1
DA:28,1
DA:30,3
DA:31,4
LF:11
LH:11
end_of_record
SF:lib/features/amount_collect/amount_confirm_screen_provider.dart
DA:8,2
DA:9,1
DA:10,1
DA:11,1
DA:15,2
DA:22,1
DA:29,1
DA:30,1
DA:31,1
DA:34,1
DA:35,2
DA:36,2
DA:37,2
DA:40,0
DA:41,0
DA:42,0
DA:43,0
DA:48,0
DA:49,0
DA:50,0
DA:51,0
DA:52,0
DA:53,0
DA:55,0
DA:56,0
DA:58,0
LF:26
LH:13
end_of_record
SF:lib/core/ui_state.dart
DA:11,0
DA:16,1
LF:2
LH:1
end_of_record
SF:lib/features/keypad/domain/keypad_screen_provider.dart
DA:11,2
DA:15,2
DA:19,2
DA:26,1
DA:27,2
DA:28,1
DA:29,1
DA:32,1
DA:33,1
DA:34,1
DA:35,2
DA:36,2
DA:37,1
DA:40,1
DA:46,2
DA:47,2
DA:48,2
DA:49,1
DA:50,2
DA:51,5
DA:54,2
DA:55,2
DA:56,2
DA:57,1
DA:58,6
DA:60,1
DA:71,2
DA:73,1
DA:75,1
DA:77,1
DA:78,1
DA:79,1
DA:80,1
DA:84,1
DA:85,2
DA:88,1
DA:90,0
DA:92,2
DA:93,6
DA:94,1
DA:95,1
DA:96,1
DA:98,3
DA:100,1
DA:103,1
DA:104,3
DA:106,4
DA:107,1
DA:109,6
DA:111,1
LF:50
LH:49
end_of_record
SF:lib/features/keypad/views/widgets/keypad_type_selector.dart
DA:11,0
DA:13,0
DA:14,0
DA:19,0
DA:21,0
DA:22,0
DA:30,0
DA:31,0
DA:32,0
DA:34,0
DA:36,0
DA:37,0
DA:40,0
DA:41,0
DA:43,0
DA:44,0
DA:45,0
DA:47,0
DA:49,0
DA:50,0
LF:20
LH:0
end_of_record
SF:lib/core/utils/extension.dart
DA:5,0
DA:6,0
DA:9,0
DA:10,0
DA:15,0
DA:16,0
DA:19,0
DA:20,0
DA:21,0
DA:22,0
DA:23,0
DA:24,0
DA:25,0
DA:28,0
DA:29,0
DA:32,0
DA:33,0
DA:38,0
DA:39,0
DA:43,0
DA:44,0
DA:46,0
DA:47,0
DA:48,0
DA:49,0
DA:50,0
DA:64,0
DA:65,0
DA:66,0
DA:67,0
DA:68,0
DA:70,0
DA:71,0
DA:75,0
DA:77,0
DA:78,0
LF:36
LH:0
end_of_record
